<?xml version="1.0" encoding="UTF-8"?>
<!-- Generated by org.testng.reporters.JUnitReportReporter -->
<testsuite hostname="saiyaswanth" failures="0" tests="10" name="com.urbanladder.runner.Runner" time="76.442" errors="0" timestamp="2021-09-27T07:57:08 IST" skipped="0">
  <testcase classname="com.urbanladder.runner.Runner" name="Login" time="11.156"/>
  <system-out/>
  <testcase classname="com.urbanladder.runner.Runner" name="DiningTable" time="1.668"/>
  <system-out/>
  <testcase classname="com.urbanladder.runner.Runner" name="Sale" time="9.950"/>
  <system-out/>
  <testcase classname="com.urbanladder.runner.Runner" name="Living" time="8.740"/>
  <system-out/>
  <testcase classname="com.urbanladder.runner.Runner" name="Bedroom" time="8.309"/>
  <system-out/>
  <testcase classname="com.urbanladder.runner.Runner" name="Storage" time="8.436"/>
  <system-out/>
  <testcase classname="com.urbanladder.runner.Runner" name="Study" time="8.383"/>
  <system-out/>
  <testcase classname="com.urbanladder.runner.Runner" name="Kids" time="8.253"/>
  <system-out/>
  <testcase classname="com.urbanladder.runner.Runner" name="GiftCard" time="9.571"/>
  <system-out/>
  <testcase classname="com.urbanladder.runner.Runner" name="BulkOrder" time="1.976"/>
  <system-out/>
</testsuite> <!-- com.urbanladder.runner.Runner -->
